<html>
<head>
<title>TestNG:  Default test</title>
<link href="../testng.css" rel="stylesheet" type="text/css" />
<link href="../my-testng.css" rel="stylesheet" type="text/css" />

<style type="text/css">
.log { display: none;} 
.stack-trace { display: none;} 
</style>
<script type="text/javascript">
<!--
function flip(e) {
  current = e.style.display;
  if (current == 'block') {
    e.style.display = 'none';
    return 0;
  }
  else {
    e.style.display = 'block';
    return 1;
  }
}

function toggleBox(szDivId, elem, msg1, msg2)
{
  var res = -1;  if (document.getElementById) {
    res = flip(document.getElementById(szDivId));
  }
  else if (document.all) {
    // this is the way old msie versions work
    res = flip(document.all[szDivId]);
  }
  if(elem) {
    if(res == 0) elem.innerHTML = msg1; else elem.innerHTML = msg2;
  }

}

function toggleAllBoxes() {
  if (document.getElementsByTagName) {
    d = document.getElementsByTagName('div');
    for (i = 0; i < d.length; i++) {
      if (d[i].className == 'log') {
        flip(d[i]);
      }
    }
  }
}

// -->
</script>

</head>
<body>
<h2 align='center'>Default test</h2><table border='1' align="center">
<tr>
<td>Tests passed/Failed/Skipped:</td><td>13/1/0</td>
</tr><tr>
<td>Started on:</td><td>Wed Feb 05 13:26:10 IST 2020</td>
</tr>
<tr><td>Total time:</td><td>84 seconds (84162 ms)</td>
</tr><tr>
<td>Included groups:</td><td></td>
</tr><tr>
<td>Excluded groups:</td><td></td>
</tr>
</table><p/>
<small><i>(Hover the method name to see the test class name)</i></small><p/>
<table width='100%' border='1' class='invocation-failed'>
<tr><td colspan='4' align='center'><b>FAILED CONFIGURATIONS</b></td></tr>
<tr><td><b>Test method</b></td>
<td width="30%"><b>Exception</b></td>
<td width="10%"><b>Time (seconds)</b></td>
<td><b>Instance</b></td>
</tr>
<tr>
<td title='AmazonOrderHistoryTest.OrderHistoryTest.afterClass()'><b>afterClass</b><br>Test class: AmazonOrderHistoryTest.OrderHistoryTest</td>
<td><div><pre>org.openqa.selenium.NoSuchSessionException: Session ID is null. Using WebDriver after calling quit()?
Build info: version: &apos;3.141.59&apos;, revision: &apos;e82be7d358&apos;, time: &apos;2018-11-14T08:25:53&apos;
System info: host: &apos;PDCDT01HJJYVQ1&apos;, ip: &apos;192.168.5.3&apos;, os.name: &apos;Windows 7&apos;, os.arch: &apos;amd64&apos;, os.version: &apos;6.1&apos;, java.version: &apos;1.8.0_231&apos;
Driver info: driver.version: RemoteWebDriver
	at org.openqa.selenium.remote.HttpCommandExecutor.execute(HttpCommandExecutor.java:125)
	at org.openqa.selenium.remote.service.DriverCommandExecutor.execute(DriverCommandExecutor.java:83)
	at org.openqa.selenium.remote.RemoteWebDriver.execute(RemoteWebDriver.java:552)
	at org.openqa.selenium.remote.RemoteWebDriver.execute(RemoteWebDriver.java:609)
	at org.openqa.selenium.remote.RemoteWebDriver$RemoteWebDriverOptions.deleteAllCookies(RemoteWebDriver.java:694)
	at AmazonOrderHistoryTest.OrderHistoryTest.afterClass(OrderHistoryTest.java:201)
	at sun.reflect.NativeMethodAccessorImpl.invoke0(Native Method)
	at sun.reflect.NativeMethodAccessorImpl.invoke(Unknown Source)
	at sun.reflect.DelegatingMethodAccessorImpl.invoke(Unknown Source)
	at java.lang.reflect.Method.invoke(Unknown Source)
	at org.testng.internal.MethodInvocationHelper.invokeMethod(MethodInvocationHelper.java:80)
	at org.testng.internal.Invoker.invokeConfigurationMethod(Invoker.java:564)
	at org.testng.internal.Invoker.invokeConfigurations(Invoker.java:213)
	at org.testng.internal.Invoker.invokeConfigurations(Invoker.java:138)
	at org.testng.internal.TestMethodWorker.invokeAfterClassMethods(TestMethodWorker.java:225)
	at org.testng.internal.TestMethodWorker.run(TestMethodWorker.java:114)
	at org.testng.TestRunner.privateRun(TestRunner.java:767)
	at org.testng.TestRunner.run(TestRunner.java:617)
	at org.testng.SuiteRunner.runTest(SuiteRunner.java:334)
	at org.testng.SuiteRunner.runSequentially(SuiteRunner.java:329)
	at org.testng.SuiteRunner.privateRun(SuiteRunner.java:291)
	at org.testng.SuiteRunner.run(SuiteRunner.java:240)
	at org.testng.SuiteRunnerWorker.runSuite(SuiteRunnerWorker.java:51)
	at org.testng.SuiteRunnerWorker.run(SuiteRunnerWorker.java:85)
	at org.testng.TestNG.runSuitesSequentially(TestNG.java:1197)
	at org.testng.TestNG.runSuitesLocally(TestNG.java:1122)
	at org.testng.TestNG.run(TestNG.java:1030)
	at org.testng.remote.AbstractRemoteTestNG.run(AbstractRemoteTestNG.java:115)
	at org.testng.remote.RemoteTestNG.initAndRun(RemoteTestNG.java:251)
	at org.testng.remote.RemoteTestNG.main(RemoteTestNG.java:77)
</pre></div><a href='#' onClick='toggleBox("stack-trace1776486598", this, "Click to show all stack frames", "Click to hide stack frames")'>Click to show all stack frames</a>
<div class='stack-trace' id='stack-trace1776486598'><pre>org.openqa.selenium.NoSuchSessionException: Session ID is null. Using WebDriver after calling quit()?
Build info: version: &apos;3.141.59&apos;, revision: &apos;e82be7d358&apos;, time: &apos;2018-11-14T08:25:53&apos;
System info: host: &apos;PDCDT01HJJYVQ1&apos;, ip: &apos;192.168.5.3&apos;, os.name: &apos;Windows 7&apos;, os.arch: &apos;amd64&apos;, os.version: &apos;6.1&apos;, java.version: &apos;1.8.0_231&apos;
Driver info: driver.version: RemoteWebDriver
	at org.openqa.selenium.remote.HttpCommandExecutor.execute(HttpCommandExecutor.java:125)
	at org.openqa.selenium.remote.service.DriverCommandExecutor.execute(DriverCommandExecutor.java:83)
	at org.openqa.selenium.remote.RemoteWebDriver.execute(RemoteWebDriver.java:552)
	at org.openqa.selenium.remote.RemoteWebDriver.execute(RemoteWebDriver.java:609)
	at org.openqa.selenium.remote.RemoteWebDriver$RemoteWebDriverOptions.deleteAllCookies(RemoteWebDriver.java:694)
	at AmazonOrderHistoryTest.OrderHistoryTest.afterClass(OrderHistoryTest.java:201)
	at sun.reflect.NativeMethodAccessorImpl.invoke0(Native Method)
	at sun.reflect.NativeMethodAccessorImpl.invoke(Unknown Source)
	at sun.reflect.DelegatingMethodAccessorImpl.invoke(Unknown Source)
	at java.lang.reflect.Method.invoke(Unknown Source)
	at org.testng.internal.MethodInvocationHelper.invokeMethod(MethodInvocationHelper.java:80)
	at org.testng.internal.Invoker.invokeConfigurationMethod(Invoker.java:564)
	at org.testng.internal.Invoker.invokeConfigurations(Invoker.java:213)
	at org.testng.internal.Invoker.invokeConfigurations(Invoker.java:138)
	at org.testng.internal.TestMethodWorker.invokeAfterClassMethods(TestMethodWorker.java:225)
	at org.testng.internal.TestMethodWorker.run(TestMethodWorker.java:114)
	at org.testng.TestRunner.privateRun(TestRunner.java:767)
	at org.testng.TestRunner.run(TestRunner.java:617)
	at org.testng.SuiteRunner.runTest(SuiteRunner.java:334)
	at org.testng.SuiteRunner.runSequentially(SuiteRunner.java:329)
	at org.testng.SuiteRunner.privateRun(SuiteRunner.java:291)
	at org.testng.SuiteRunner.run(SuiteRunner.java:240)
	at org.testng.SuiteRunnerWorker.runSuite(SuiteRunnerWorker.java:51)
	at org.testng.SuiteRunnerWorker.run(SuiteRunnerWorker.java:85)
	at org.testng.TestNG.runSuitesSequentially(TestNG.java:1197)
	at org.testng.TestNG.runSuitesLocally(TestNG.java:1122)
	at org.testng.TestNG.run(TestNG.java:1030)
	at org.testng.remote.AbstractRemoteTestNG.run(AbstractRemoteTestNG.java:115)
	at org.testng.remote.RemoteTestNG.initAndRun(RemoteTestNG.java:251)
	at org.testng.remote.RemoteTestNG.main(RemoteTestNG.java:77)
</pre></div></td>
<td>0</td>
<td>AmazonOrderHistoryTest.OrderHistoryTest@58651fd0</td></tr>
</table><p>
<table width='100%' border='1' class='invocation-failed'>
<tr><td colspan='4' align='center'><b>FAILED TESTS</b></td></tr>
<tr><td><b>Test method</b></td>
<td width="30%"><b>Exception</b></td>
<td width="10%"><b>Time (seconds)</b></td>
<td><b>Instance</b></td>
</tr>
<tr>
<td title='AmazonOrderHistoryTest.OrderHistoryTest.Filters()'><b>Filters</b><br>Test class: AmazonOrderHistoryTest.OrderHistoryTest<br>Parameters: past 6 months, 3 orders</td>
<td><div><pre>java.lang.AssertionError: expected [3 orders] but found [4 orders]
	at org.testng.Assert.fail(Assert.java:89)
	at org.testng.Assert.failNotEquals(Assert.java:489)
	at org.testng.Assert.assertEquals(Assert.java:118)
	at org.testng.Assert.assertEquals(Assert.java:171)
	at org.testng.Assert.assertEquals(Assert.java:181)
	at AmazonOrderHistoryTest.OrderHistoryTest.Filters(OrderHistoryTest.java:162)
	at sun.reflect.NativeMethodAccessorImpl.invoke0(Native Method)
	at sun.reflect.NativeMethodAccessorImpl.invoke(Unknown Source)
	at sun.reflect.DelegatingMethodAccessorImpl.invoke(Unknown Source)
	at java.lang.reflect.Method.invoke(Unknown Source)
	at org.testng.internal.MethodInvocationHelper.invokeMethod(MethodInvocationHelper.java:80)
	at org.testng.internal.Invoker.invokeMethod(Invoker.java:715)
	at org.testng.internal.Invoker.invokeTestMethod(Invoker.java:907)
	at org.testng.internal.Invoker.invokeTestMethods(Invoker.java:1237)
	at org.testng.internal.TestMethodWorker.invokeTestMethods(TestMethodWorker.java:127)
	at org.testng.internal.TestMethodWorker.run(TestMethodWorker.java:111)
	at org.testng.TestRunner.privateRun(TestRunner.java:767)
	at org.testng.TestRunner.run(TestRunner.java:617)
	at org.testng.SuiteRunner.runTest(SuiteRunner.java:334)
	at org.testng.SuiteRunner.runSequentially(SuiteRunner.java:329)
	at org.testng.SuiteRunner.privateRun(SuiteRunner.java:291)
	at org.testng.SuiteRunner.run(SuiteRunner.java:240)
	at org.testng.SuiteRunnerWorker.runSuite(SuiteRunnerWorker.java:51)
	at org.testng.SuiteRunnerWorker.run(SuiteRunnerWorker.java:85)
	at org.testng.TestNG.runSuitesSequentially(TestNG.java:1197)
	at org.testng.TestNG.runSuitesLocally(TestNG.java:1122)
	at org.testng.TestNG.run(TestNG.java:1030)
	at org.testng.remote.AbstractRemoteTestNG.run(AbstractRemoteTestNG.java:115)
	at org.testng.remote.RemoteTestNG.initAndRun(RemoteTestNG.java:251)
	at org.testng.remote.RemoteTestNG.main(RemoteTestNG.java:77)
</pre></div><a href='#' onClick='toggleBox("stack-trace1112758237", this, "Click to show all stack frames", "Click to hide stack frames")'>Click to show all stack frames</a>
<div class='stack-trace' id='stack-trace1112758237'><pre>java.lang.AssertionError: expected [3 orders] but found [4 orders]
	at org.testng.Assert.fail(Assert.java:89)
	at org.testng.Assert.failNotEquals(Assert.java:489)
	at org.testng.Assert.assertEquals(Assert.java:118)
	at org.testng.Assert.assertEquals(Assert.java:171)
	at org.testng.Assert.assertEquals(Assert.java:181)
	at AmazonOrderHistoryTest.OrderHistoryTest.Filters(OrderHistoryTest.java:162)
	at sun.reflect.NativeMethodAccessorImpl.invoke0(Native Method)
	at sun.reflect.NativeMethodAccessorImpl.invoke(Unknown Source)
	at sun.reflect.DelegatingMethodAccessorImpl.invoke(Unknown Source)
	at java.lang.reflect.Method.invoke(Unknown Source)
	at org.testng.internal.MethodInvocationHelper.invokeMethod(MethodInvocationHelper.java:80)
	at org.testng.internal.Invoker.invokeMethod(Invoker.java:715)
	at org.testng.internal.Invoker.invokeTestMethod(Invoker.java:907)
	at org.testng.internal.Invoker.invokeTestMethods(Invoker.java:1237)
	at org.testng.internal.TestMethodWorker.invokeTestMethods(TestMethodWorker.java:127)
	at org.testng.internal.TestMethodWorker.run(TestMethodWorker.java:111)
	at org.testng.TestRunner.privateRun(TestRunner.java:767)
	at org.testng.TestRunner.run(TestRunner.java:617)
	at org.testng.SuiteRunner.runTest(SuiteRunner.java:334)
	at org.testng.SuiteRunner.runSequentially(SuiteRunner.java:329)
	at org.testng.SuiteRunner.privateRun(SuiteRunner.java:291)
	at org.testng.SuiteRunner.run(SuiteRunner.java:240)
	at org.testng.SuiteRunnerWorker.runSuite(SuiteRunnerWorker.java:51)
	at org.testng.SuiteRunnerWorker.run(SuiteRunnerWorker.java:85)
	at org.testng.TestNG.runSuitesSequentially(TestNG.java:1197)
	at org.testng.TestNG.runSuitesLocally(TestNG.java:1122)
	at org.testng.TestNG.run(TestNG.java:1030)
	at org.testng.remote.AbstractRemoteTestNG.run(AbstractRemoteTestNG.java:115)
	at org.testng.remote.RemoteTestNG.initAndRun(RemoteTestNG.java:251)
	at org.testng.remote.RemoteTestNG.main(RemoteTestNG.java:77)
</pre></div></td>
<td>3</td>
<td>AmazonOrderHistoryTest.OrderHistoryTest@58651fd0</td></tr>
</table><p>
<table width='100%' border='1' class='invocation-passed'>
<tr><td colspan='4' align='center'><b>PASSED TESTS</b></td></tr>
<tr><td><b>Test method</b></td>
<td width="30%"><b>Exception</b></td>
<td width="10%"><b>Time (seconds)</b></td>
<td><b>Instance</b></td>
</tr>
<tr>
<td title='AmazonOrderHistoryTest.OrderHistoryTest.AddtoCartTest()'><b>AddtoCartTest</b><br>Test class: AmazonOrderHistoryTest.OrderHistoryTest</td>
<td></td>
<td>10</td>
<td>AmazonOrderHistoryTest.OrderHistoryTest@58651fd0</td></tr>
<tr>
<td title='AmazonOrderHistoryTest.OrderHistoryTest.AvailableTabsTest()'><b>AvailableTabsTest</b><br>Test class: AmazonOrderHistoryTest.OrderHistoryTest</td>
<td></td>
<td>0</td>
<td>AmazonOrderHistoryTest.OrderHistoryTest@58651fd0</td></tr>
<tr>
<td title='AmazonOrderHistoryTest.OrderHistoryTest.BuyNowTest()'><b>BuyNowTest</b><br>Test class: AmazonOrderHistoryTest.OrderHistoryTest</td>
<td></td>
<td>12</td>
<td>AmazonOrderHistoryTest.OrderHistoryTest@58651fd0</td></tr>
<tr>
<td title='AmazonOrderHistoryTest.OrderHistoryTest.Filters()'><b>Filters</b><br>Test class: AmazonOrderHistoryTest.OrderHistoryTest<br>Parameters: last 30 days, 3 orders</td>
<td></td>
<td>4</td>
<td>AmazonOrderHistoryTest.OrderHistoryTest@58651fd0</td></tr>
<tr>
<td title='AmazonOrderHistoryTest.OrderHistoryTest.Filters()'><b>Filters</b><br>Test class: AmazonOrderHistoryTest.OrderHistoryTest<br>Parameters: 2019, 0 orders</td>
<td></td>
<td>4</td>
<td>AmazonOrderHistoryTest.OrderHistoryTest@58651fd0</td></tr>
<tr>
<td title='AmazonOrderHistoryTest.OrderHistoryTest.Filters()'><b>Filters</b><br>Test class: AmazonOrderHistoryTest.OrderHistoryTest<br>Parameters: 2018, 6 orders</td>
<td></td>
<td>4</td>
<td>AmazonOrderHistoryTest.OrderHistoryTest@58651fd0</td></tr>
<tr>
<td title='AmazonOrderHistoryTest.OrderHistoryTest.SearchProductTest()'><b>SearchProductTest</b><br>Test class: AmazonOrderHistoryTest.OrderHistoryTest<br>Parameters: Pillow, 2 orders matching "Pillow", Y</td>
<td></td>
<td>2</td>
<td>AmazonOrderHistoryTest.OrderHistoryTest@58651fd0</td></tr>
<tr>
<td title='AmazonOrderHistoryTest.OrderHistoryTest.SearchProductTest()'><b>SearchProductTest</b><br>Test class: AmazonOrderHistoryTest.OrderHistoryTest<br>Parameters: 407-6298949-7209109, 407-6298949-7209109, Y</td>
<td></td>
<td>2</td>
<td>AmazonOrderHistoryTest.OrderHistoryTest@58651fd0</td></tr>
<tr>
<td title='AmazonOrderHistoryTest.OrderHistoryTest.SearchProductTest()'><b>SearchProductTest</b><br>Test class: AmazonOrderHistoryTest.OrderHistoryTest<br>Parameters: medical, 1 order matching "medical", Y</td>
<td></td>
<td>2</td>
<td>AmazonOrderHistoryTest.OrderHistoryTest@58651fd0</td></tr>
<tr>
<td title='AmazonOrderHistoryTest.OrderHistoryTest.SearchProductTest()'><b>SearchProductTest</b><br>Test class: AmazonOrderHistoryTest.OrderHistoryTest<br>Parameters: D-wisteria, 2 orders matching "D-wisteria", Y</td>
<td></td>
<td>2</td>
<td>AmazonOrderHistoryTest.OrderHistoryTest@58651fd0</td></tr>
<tr>
<td title='AmazonOrderHistoryTest.OrderHistoryTest.SearchProductTest()'><b>SearchProductTest</b><br>Test class: AmazonOrderHistoryTest.OrderHistoryTest<br>Parameters: milind, 1 order matching "milind", N</td>
<td></td>
<td>2</td>
<td>AmazonOrderHistoryTest.OrderHistoryTest@58651fd0</td></tr>
<tr>
<td title='AmazonOrderHistoryTest.OrderHistoryTest.SearchProductTestForincorrecttext()'><b>SearchProductTestForincorrecttext</b><br>Test class: AmazonOrderHistoryTest.OrderHistoryTest</td>
<td></td>
<td>1</td>
<td>AmazonOrderHistoryTest.OrderHistoryTest@58651fd0</td></tr>
<tr>
<td title='AmazonOrderHistoryTest.OrderHistoryTest.YourOrdersTest()'><b>YourOrdersTest</b><br>Test class: AmazonOrderHistoryTest.OrderHistoryTest</td>
<td></td>
<td>13</td>
<td>AmazonOrderHistoryTest.OrderHistoryTest@58651fd0</td></tr>
</table><p>
</body>
</html>