<?xml version="1.0" encoding="UTF-8"?>
<!-- Generated by org.testng.reporters.JUnitReportReporter -->
<testsuite hostname="PDCDT01HJJYVQ1" name="AmazonOrderHistoryTest.OrderHistoryTest" tests="14" failures="0" timestamp="5 Feb 2020 07:57:35 GMT" time="67.382" errors="1">
  <testcase name="SearchProductTest" time="2.389" classname="AmazonOrderHistoryTest.OrderHistoryTest"/>
  <testcase name="AddtoCartTest" time="10.619" classname="AmazonOrderHistoryTest.OrderHistoryTest"/>
  <testcase name="SearchProductTest" time="2.154" classname="AmazonOrderHistoryTest.OrderHistoryTest"/>
  <testcase name="SearchProductTest" time="2.005" classname="AmazonOrderHistoryTest.OrderHistoryTest"/>
  <testcase name="YourOrdersTest" time="13.168" classname="AmazonOrderHistoryTest.OrderHistoryTest"/>
  <testcase name="Filters" time="4.725" classname="AmazonOrderHistoryTest.OrderHistoryTest"/>
  <testcase name="BuyNowTest" time="12.149" classname="AmazonOrderHistoryTest.OrderHistoryTest"/>
  <testcase name="Filters" time="3.637" classname="AmazonOrderHistoryTest.OrderHistoryTest">
    <error type="java.lang.AssertionError" message="expected [3 orders] but found [4 orders]">
      <![CDATA[java.lang.AssertionError: expected [3 orders] but found [4 orders]
	at org.testng.Assert.fail(Assert.java:89)
	at org.testng.Assert.failNotEquals(Assert.java:489)
	at org.testng.Assert.assertEquals(Assert.java:118)
	at org.testng.Assert.assertEquals(Assert.java:171)
	at org.testng.Assert.assertEquals(Assert.java:181)
	at AmazonOrderHistoryTest.OrderHistoryTest.Filters(OrderHistoryTest.java:162)
	at sun.reflect.NativeMethodAccessorImpl.invoke0(Native Method)
	at sun.reflect.NativeMethodAccessorImpl.invoke(Unknown Source)
	at sun.reflect.DelegatingMethodAccessorImpl.invoke(Unknown Source)
	at java.lang.reflect.Method.invoke(Unknown Source)
	at org.testng.internal.MethodInvocationHelper.invokeMethod(MethodInvocationHelper.java:80)
	at org.testng.internal.Invoker.invokeMethod(Invoker.java:715)
	at org.testng.internal.Invoker.invokeTestMethod(Invoker.java:907)
	at org.testng.internal.Invoker.invokeTestMethods(Invoker.java:1237)
	at org.testng.internal.TestMethodWorker.invokeTestMethods(TestMethodWorker.java:127)
	at org.testng.internal.TestMethodWorker.run(TestMethodWorker.java:111)
	at org.testng.TestRunner.privateRun(TestRunner.java:767)
	at org.testng.TestRunner.run(TestRunner.java:617)
	at org.testng.SuiteRunner.runTest(SuiteRunner.java:334)
	at org.testng.SuiteRunner.runSequentially(SuiteRunner.java:329)
	at org.testng.SuiteRunner.privateRun(SuiteRunner.java:291)
	at org.testng.SuiteRunner.run(SuiteRunner.java:240)
	at org.testng.SuiteRunnerWorker.runSuite(SuiteRunnerWorker.java:51)
	at org.testng.SuiteRunnerWorker.run(SuiteRunnerWorker.java:85)
	at org.testng.TestNG.runSuitesSequentially(TestNG.java:1197)
	at org.testng.TestNG.runSuitesLocally(TestNG.java:1122)
	at org.testng.TestNG.run(TestNG.java:1030)
	at org.testng.remote.AbstractRemoteTestNG.run(AbstractRemoteTestNG.java:115)
	at org.testng.remote.RemoteTestNG.initAndRun(RemoteTestNG.java:251)
	at org.testng.remote.RemoteTestNG.main(RemoteTestNG.java:77)
]]>
    </error>
  </testcase> <!-- Filters -->
  <testcase name="SearchProductTestForincorrecttext" time="1.932" classname="AmazonOrderHistoryTest.OrderHistoryTest"/>
  <testcase name="SearchProductTest" time="2.081" classname="AmazonOrderHistoryTest.OrderHistoryTest"/>
  <testcase name="AvailableTabsTest" time="0.770" classname="AmazonOrderHistoryTest.OrderHistoryTest"/>
  <testcase name="Filters" time="4.218" classname="AmazonOrderHistoryTest.OrderHistoryTest"/>
  <testcase name="SearchProductTest" time="2.600" classname="AmazonOrderHistoryTest.OrderHistoryTest"/>
  <testcase name="Filters" time="4.935" classname="AmazonOrderHistoryTest.OrderHistoryTest"/>
</testsuite> <!-- AmazonOrderHistoryTest.OrderHistoryTest -->
